[2026-01-14 16:10:34,769] 24 root - INFO - \U0001f69a Data Ingestion started
[2026-01-14 16:10:34,772] 29 root - INFO - Delivery dataset loaded
[2026-01-14 16:10:34,792] 36 root - INFO - Raw data saved
[2026-01-14 16:10:34,801] 49 root - INFO - Train-test split completed
[2026-01-14 16:10:34,801] 17 root - INFO - Starting feature engineering: Peak features
[2026-01-14 16:10:34,803] 39 root - INFO - Peak features created successfully
[2026-01-14 16:10:34,803] 17 root - INFO - Starting feature engineering: Peak features
[2026-01-14 16:10:34,804] 39 root - INFO - Peak features created successfully
[2026-01-14 16:10:34,835] 81 root - INFO - Starting data transformation
[2026-01-14 16:10:34,836] 64 root - INFO - Numerical columns: ['Distance_km', 'Preparation_Time_min', 'Courier_Experience_yrs', 'Peak_Score', 'Is_Peak_Hour']
[2026-01-14 16:10:34,836] 65 root - INFO - Categorical columns: ['Weather', 'Time_of_Day', 'Traffic_Level', 'Vehicle_Type']
[2026-01-14 16:10:34,848] 31 root - INFO - Splitting train and test arrays
[2026-01-14 16:10:34,848] 93 root - INFO - Tuning model: Linear Regression
[2026-01-14 16:10:34,850] 113 root - INFO - Linear Regression | MAE: 6.128 | RMSE: 9.282 | R2: 0.808
[2026-01-14 16:10:34,850] 93 root - INFO - Tuning model: Decision Tree
[2026-01-14 16:10:38,160] 113 root - INFO - Decision Tree | MAE: 8.598 | RMSE: 11.646 | R2: 0.697
[2026-01-14 16:10:38,160] 93 root - INFO - Tuning model: Random Forest
[2026-01-14 16:10:45,897] 113 root - INFO - Random Forest | MAE: 6.650 | RMSE: 9.654 | R2: 0.792
[2026-01-14 16:10:45,897] 93 root - INFO - Tuning model: XGBoost
[2026-01-14 16:10:48,626] 113 root - INFO - XGBoost | MAE: 6.866 | RMSE: 9.550 | R2: 0.797
[2026-01-14 16:10:48,626] 93 root - INFO - Tuning model: LightGBM
[2026-01-14 16:11:13,902] 113 root - INFO - LightGBM | MAE: 6.909 | RMSE: 9.704 | R2: 0.790
[2026-01-14 16:11:13,903] 129 root - INFO - Best model saved with R2 score: 0.808
